β… νμ΄ν”„λΌμΈ 2λ‹¨κ³„: 7κ°€μ§€ ν©ν„° μ›λ³Έ λ°μ΄ν„° μμ§‘μ„ μ‹μ‘ν•©λ‹λ‹¤.

π“‹ μλ™ μ μ™Έ ν‹°μ»¤ μ„¤μ •
  β οΈ μ μ™Έν•  μΆ…λ© 61κ°: ['AACT', 'AACT U', 'AACT WS', 'ACVA', 'AVDX', 'BASE', 'BCLI', 'BGFV', 'BINI', 'CARM', 'CGBS', 'CGBSW', 'COOP', 'CSWCZ', 'CURIW', 'DALN', 'DBGIW', 'DMYY', 'DMYY U', 'DMYY WS', 'EPIX', 'ETSY', 'FMTO', 'GECCZ', 'GLADZ', 'GOVXW', 'GSRT', 'GSRTR', 'GSRTU', 'HROWL', 'HROWM', 'HYMCL', 'IROHR', 'IROHU', 'KHC25', 'LIPO', 'LSB', 'LSBPW', 'MGRM', 'MODV', 'NERD', 'OPI', 'OPINL', 'OUSTW', 'PEV', 'PTPI', 'PXSAW', 'SCPH', 'SISI', 'SYTAW', 'TCBX', 'THTX', 'TTNP', 'VHC', 'VNCE', 'VRNA', 'VXRT', 'WLGS', 'XAGE', 'XAGEW', 'ZVSA']
  β… μ΄λ“¤ μΆ…λ©μ€ λ¶„μ„μ—μ„ μ μ™Έλ©λ‹λ‹¤.

'filtered_us_ticker.csv'μ—μ„ μ΄ 4508κ° ν‹°μ»¤λ¥Ό λ¶λ¬μ™”μµλ‹λ‹¤.
  β οΈ μƒμ¥νμ§€ μμ • μΆ…λ© 5κ°λ¥Ό μ μ™Έν–μµλ‹λ‹¤.
  β… ν•„ν„°λ§ ν›„ 4503κ° ν‹°μ»¤λ΅ μ§„ν–‰ν•©λ‹λ‹¤.

β… λ°μ΄ν„° μμ§‘ κΈ°κ°„: 2022-10-17 ~ 2025-10-16

β… κ° μ£Όμ‹μ ν©ν„° μ›λ³Έ λ°μ΄ν„°λ¥Ό μμ§‘ν•©λ‹λ‹¤. (λ¨λ©ν…€/λ³€λ™μ„±μ€ 1λ…„, 3λ…„ λ¨λ‘ κ³„μ‚°)
[1/4503] 'A' μ²λ¦¬ μ¤‘...
/data/jupyter/seungtae/QUANT/rebalabce/2.getinfo.py:114: FutureWarning: Series.__getitem__ treating keys as positions is deprecated. In a future version, integer keys will always be treated as labels (consistent with DataFrame behavior). To access a value by position, use `ser.iloc[pos]`
  asset_growth_val = (balance_sheet.loc['Total Assets'][0] - balance_sheet.loc['Total Assets'][1]) / abs(balance_sheet.loc['Total Assets'][1])
  -> 'A' λ°μ΄ν„° μμ§‘ μ™„λ£.
[2/4503] 'AA' μ²λ¦¬ μ¤‘...
/data/jupyter/seungtae/QUANT/rebalabce/2.getinfo.py:114: FutureWarning: Series.__getitem__ treating keys as positions is deprecated. In a future version, integer keys will always be treated as labels (consistent with DataFrame behavior). To access a value by position, use `ser.iloc[pos]`
  asset_growth_val = (balance_sheet.loc['Total Assets'][0] - balance_sheet.loc['Total Assets'][1]) / abs(balance_sheet.loc['Total Assets'][1])
  -> 'AA' λ°μ΄ν„° μμ§‘ μ™„λ£.
[3/4503] 'AACG' μ²λ¦¬ μ¤‘...
/data/jupyter/seungtae/QUANT/rebalabce/2.getinfo.py:114: FutureWarning: Series.__getitem__ treating keys as positions is deprecated. In a future version, integer keys will always be treated as labels (consistent with DataFrame behavior). To access a value by position, use `ser.iloc[pos]`
  asset_growth_val = (balance_sheet.loc['Total Assets'][0] - balance_sheet.loc['Total Assets'][1]) / abs(balance_sheet.loc['Total Assets'][1])
  -> 'AACG' λ°μ΄ν„° μμ§‘ μ™„λ£.
[4/4503] 'AAME' μ²λ¦¬ μ¤‘...
/data/jupyter/seungtae/QUANT/rebalabce/2.getinfo.py:114: FutureWarning: Series.__getitem__ treating keys as positions is deprecated. In a future version, integer keys will always be treated as labels (consistent with DataFrame behavior). To access a value by position, use `ser.iloc[pos]`
  asset_growth_val = (balance_sheet.loc['Total Assets'][0] - balance_sheet.loc['Total Assets'][1]) / abs(balance_sheet.loc['Total Assets'][1])
  -> 'AAME' λ°μ΄ν„° μμ§‘ μ™„λ£.
[5/4503] 'AAMI' μ²λ¦¬ μ¤‘...
/data/jupyter/seungtae/QUANT/rebalabce/2.getinfo.py:114: FutureWarning: Series.__getitem__ treating keys as positions is deprecated. In a future version, integer keys will always be treated as labels (consistent with DataFrame behavior). To access a value by position, use `ser.iloc[pos]`
  asset_growth_val = (balance_sheet.loc['Total Assets'][0] - balance_sheet.loc['Total Assets'][1]) / abs(balance_sheet.loc['Total Assets'][1])
  -> 'AAMI' λ°μ΄ν„° μμ§‘ μ™„λ£.
[6/4503] 'AAOI' μ²λ¦¬ μ¤‘...
/data/jupyter/seungtae/QUANT/rebalabce/2.getinfo.py:114: FutureWarning: Series.__getitem__ treating keys as positions is deprecated. In a future version, integer keys will always be treated as labels (consistent with DataFrame behavior). To access a value by position, use `ser.iloc[pos]`
  asset_growth_val = (balance_sheet.loc['Total Assets'][0] - balance_sheet.loc['Total Assets'][1]) / abs(balance_sheet.loc['Total Assets'][1])
  -> 'AAOI' λ°μ΄ν„° μμ§‘ μ™„λ£.
[7/4503] 'AAON' μ²λ¦¬ μ¤‘...
/data/jupyter/seungtae/QUANT/rebalabce/2.getinfo.py:114: FutureWarning: Series.__getitem__ treating keys as positions is deprecated. In a future version, integer keys will always be treated as labels (consistent with DataFrame behavior). To access a value by position, use `ser.iloc[pos]`
  asset_growth_val = (balance_sheet.loc['Total Assets'][0] - balance_sheet.loc['Total Assets'][1]) / abs(balance_sheet.loc['Total Assets'][1])
  -> 'AAON' λ°μ΄ν„° μμ§‘ μ™„λ£.
[8/4503] 'AAP' μ²λ¦¬ μ¤‘...
/data/jupyter/seungtae/QUANT/rebalabce/2.getinfo.py:114: FutureWarning: Series.__getitem__ treating keys as positions is deprecated. In a future version, integer keys will always be treated as labels (consistent with DataFrame behavior). To access a value by position, use `ser.iloc[pos]`
  asset_growth_val = (balance_sheet.loc['Total Assets'][0] - balance_sheet.loc['Total Assets'][1]) / abs(balance_sheet.loc['Total Assets'][1])
  -> 'AAP' λ°μ΄ν„° μμ§‘ μ™„λ£.
[9/4503] 'AAPL' μ²λ¦¬ μ¤‘...
/data/jupyter/seungtae/QUANT/rebalabce/2.getinfo.py:114: FutureWarning: Series.__getitem__ treating keys as positions is deprecated. In a future version, integer keys will always be treated as labels (consistent with DataFrame behavior). To access a value by position, use `ser.iloc[pos]`
  asset_growth_val = (balance_sheet.loc['Total Assets'][0] - balance_sheet.loc['Total Assets'][1]) / abs(balance_sheet.loc['Total Assets'][1])
  -> 'AAPL' λ°μ΄ν„° μμ§‘ μ™„λ£.
[10/4503] 'AAT' μ²λ¦¬ μ¤‘...
/data/jupyter/seungtae/QUANT/rebalabce/2.getinfo.py:114: FutureWarning: Series.__getitem__ treating keys as positions is deprecated. In a future version, integer keys will always be treated as labels (consistent with DataFrame behavior). To access a value by position, use `ser.iloc[pos]`
  asset_growth_val = (balance_sheet.loc['Total Assets'][0] - balance_sheet.loc['Total Assets'][1]) / abs(balance_sheet.loc['Total Assets'][1])
  -> 'AAT' λ°μ΄ν„° μμ§‘ μ™„λ£.
[11/4503] 'AB' μ²λ¦¬ μ¤‘...
/data/jupyter/seungtae/QUANT/rebalabce/2.getinfo.py:114: FutureWarning: Series.__getitem__ treating keys as positions is deprecated. In a future version, integer keys will always be treated as labels (consistent with DataFrame behavior). To access a value by position, use `ser.iloc[pos]`
  asset_growth_val = (balance_sheet.loc['Total Assets'][0] - balance_sheet.loc['Total Assets'][1]) / abs(balance_sheet.loc['Total Assets'][1])
  -> 'AB' λ°μ΄ν„° μμ§‘ μ™„λ£.
[12/4503] 'ABAT' μ²λ¦¬ μ¤‘...
/data/jupyter/seungtae/QUANT/rebalabce/2.getinfo.py:114: FutureWarning: Series.__getitem__ treating keys as positions is deprecated. In a future version, integer keys will always be treated as labels (consistent with DataFrame behavior). To access a value by position, use `ser.iloc[pos]`
  asset_growth_val = (balance_sheet.loc['Total Assets'][0] - balance_sheet.loc['Total Assets'][1]) / abs(balance_sheet.loc['Total Assets'][1])
  -> 'ABAT' λ°μ΄ν„° μμ§‘ μ™„λ£.
[13/4503] 'ABBV' μ²λ¦¬ μ¤‘...
/data/jupyter/seungtae/QUANT/rebalabce/2.getinfo.py:114: FutureWarning: Series.__getitem__ treating keys as positions is deprecated. In a future version, integer keys will always be treated as labels (consistent with DataFrame behavior). To access a value by position, use `ser.iloc[pos]`
  asset_growth_val = (balance_sheet.loc['Total Assets'][0] - balance_sheet.loc['Total Assets'][1]) / abs(balance_sheet.loc['Total Assets'][1])
  -> 'ABBV' λ°μ΄ν„° μμ§‘ μ™„λ£.
[14/4503] 'ABCB' μ²λ¦¬ μ¤‘...
/data/jupyter/seungtae/QUANT/rebalabce/2.getinfo.py:114: FutureWarning: Series.__getitem__ treating keys as positions is deprecated. In a future version, integer keys will always be treated as labels (consistent with DataFrame behavior). To access a value by position, use `ser.iloc[pos]`
  asset_growth_val = (balance_sheet.loc['Total Assets'][0] - balance_sheet.loc['Total Assets'][1]) / abs(balance_sheet.loc['Total Assets'][1])
  -> 'ABCB' λ°μ΄ν„° μμ§‘ μ™„λ£.
[15/4503] 'ABCL' μ²λ¦¬ μ¤‘...
/data/jupyter/seungtae/QUANT/rebalabce/2.getinfo.py:114: FutureWarning: Series.__getitem__ treating keys as positions is deprecated. In a future version, integer keys will always be treated as labels (consistent with DataFrame behavior). To access a value by position, use `ser.iloc[pos]`
  asset_growth_val = (balance_sheet.loc['Total Assets'][0] - balance_sheet.loc['Total Assets'][1]) / abs(balance_sheet.loc['Total Assets'][1])
  -> 'ABCL' λ°μ΄ν„° μμ§‘ μ™„λ£.
[16/4503] 'ABEO' μ²λ¦¬ μ¤‘...
/data/jupyter/seungtae/QUANT/rebalabce/2.getinfo.py:114: FutureWarning: Series.__getitem__ treating keys as positions is deprecated. In a future version, integer keys will always be treated as labels (consistent with DataFrame behavior). To access a value by position, use `ser.iloc[pos]`
  asset_growth_val = (balance_sheet.loc['Total Assets'][0] - balance_sheet.loc['Total Assets'][1]) / abs(balance_sheet.loc['Total Assets'][1])
  -> 'ABEO' λ°μ΄ν„° μμ§‘ μ™„λ£.
[17/4503] 'ABEV' μ²λ¦¬ μ¤‘...
/data/jupyter/seungtae/QUANT/rebalabce/2.getinfo.py:114: FutureWarning: Series.__getitem__ treating keys as positions is deprecated. In a future version, integer keys will always be treated as labels (consistent with DataFrame behavior). To access a value by position, use `ser.iloc[pos]`
  asset_growth_val = (balance_sheet.loc['Total Assets'][0] - balance_sheet.loc['Total Assets'][1]) / abs(balance_sheet.loc['Total Assets'][1])
  -> 'ABEV' λ°μ΄ν„° μμ§‘ μ™„λ£.
[18/4503] 'ABG' μ²λ¦¬ μ¤‘...
/data/jupyter/seungtae/QUANT/rebalabce/2.getinfo.py:114: FutureWarning: Series.__getitem__ treating keys as positions is deprecated. In a future version, integer keys will always be treated as labels (consistent with DataFrame behavior). To access a value by position, use `ser.iloc[pos]`
  asset_growth_val = (balance_sheet.loc['Total Assets'][0] - balance_sheet.loc['Total Assets'][1]) / abs(balance_sheet.loc['Total Assets'][1])
  -> 'ABG' λ°μ΄ν„° μμ§‘ μ™„λ£.
[19/4503] 'ABL' μ²λ¦¬ μ¤‘...
/data/jupyter/seungtae/QUANT/rebalabce/2.getinfo.py:114: FutureWarning: Series.__getitem__ treating keys as positions is deprecated. In a future version, integer keys will always be treated as labels (consistent with DataFrame behavior). To access a value by position, use `ser.iloc[pos]`
  asset_growth_val = (balance_sheet.loc['Total Assets'][0] - balance_sheet.loc['Total Assets'][1]) / abs(balance_sheet.loc['Total Assets'][1])
  -> 'ABL' λ°μ΄ν„° μμ§‘ μ™„λ£.
[20/4503] 'ABLV' μ²λ¦¬ μ¤‘...
/data/jupyter/seungtae/QUANT/rebalabce/2.getinfo.py:114: FutureWarning: Series.__getitem__ treating keys as positions is deprecated. In a future version, integer keys will always be treated as labels (consistent with DataFrame behavior). To access a value by position, use `ser.iloc[pos]`
  asset_growth_val = (balance_sheet.loc['Total Assets'][0] - balance_sheet.loc['Total Assets'][1]) / abs(balance_sheet.loc['Total Assets'][1])
  -> 'ABLV' λ°μ΄ν„° μμ§‘ μ™„λ£.
[21/4503] 'ABM' μ²λ¦¬ μ¤‘...
/data/jupyter/seungtae/QUANT/rebalabce/2.getinfo.py:114: FutureWarning: Series.__getitem__ treating keys as positions is deprecated. In a future version, integer keys will always be treated as labels (consistent with DataFrame behavior). To access a value by position, use `ser.iloc[pos]`
  asset_growth_val = (balance_sheet.loc['Total Assets'][0] - balance_sheet.loc['Total Assets'][1]) / abs(balance_sheet.loc['Total Assets'][1])
  -> 'ABM' λ°μ΄ν„° μμ§‘ μ™„λ£.
[22/4503] 'ABNB' μ²λ¦¬ μ¤‘...
/data/jupyter/seungtae/QUANT/rebalabce/2.getinfo.py:114: FutureWarning: Series.__getitem__ treating keys as positions is deprecated. In a future version, integer keys will always be treated as labels (consistent with DataFrame behavior). To access a value by position, use `ser.iloc[pos]`
  asset_growth_val = (balance_sheet.loc['Total Assets'][0] - balance_sheet.loc['Total Assets'][1]) / abs(balance_sheet.loc['Total Assets'][1])
  -> 'ABNB' λ°μ΄ν„° μμ§‘ μ™„λ£.
[23/4503] 'ABOS' μ²λ¦¬ μ¤‘...
/data/jupyter/seungtae/QUANT/rebalabce/2.getinfo.py:114: FutureWarning: Series.__getitem__ treating keys as positions is deprecated. In a future version, integer keys will always be treated as labels (consistent with DataFrame behavior). To access a value by position, use `ser.iloc[pos]`
  asset_growth_val = (balance_sheet.loc['Total Assets'][0] - balance_sheet.loc['Total Assets'][1]) / abs(balance_sheet.loc['Total Assets'][1])
  -> 'ABOS' λ°μ΄ν„° μμ§‘ μ™„λ£.
[24/4503] 'ABR' μ²λ¦¬ μ¤‘...
/data/jupyter/seungtae/QUANT/rebalabce/2.getinfo.py:114: FutureWarning: Series.__getitem__ treating keys as positions is deprecated. In a future version, integer keys will always be treated as labels (consistent with DataFrame behavior). To access a value by position, use `ser.iloc[pos]`
  asset_growth_val = (balance_sheet.loc['Total Assets'][0] - balance_sheet.loc['Total Assets'][1]) / abs(balance_sheet.loc['Total Assets'][1])
  -> 'ABR' λ°μ΄ν„° μμ§‘ μ™„λ£.
[25/4503] 'ABSI' μ²λ¦¬ μ¤‘...
/data/jupyter/seungtae/QUANT/rebalabce/2.getinfo.py:114: FutureWarning: Series.__getitem__ treating keys as positions is deprecated. In a future version, integer keys will always be treated as labels (consistent with DataFrame behavior). To access a value by position, use `ser.iloc[pos]`
  asset_growth_val = (balance_sheet.loc['Total Assets'][0] - balance_sheet.loc['Total Assets'][1]) / abs(balance_sheet.loc['Total Assets'][1])
  -> 'ABSI' λ°μ΄ν„° μμ§‘ μ™„λ£.
[26/4503] 'ABT' μ²λ¦¬ μ¤‘...
/data/jupyter/seungtae/QUANT/rebalabce/2.getinfo.py:114: FutureWarning: Series.__getitem__ treating keys as positions is deprecated. In a future version, integer keys will always be treated as labels (consistent with DataFrame behavior). To access a value by position, use `ser.iloc[pos]`
  asset_growth_val = (balance_sheet.loc['Total Assets'][0] - balance_sheet.loc['Total Assets'][1]) / abs(balance_sheet.loc['Total Assets'][1])
  -> 'ABT' λ°μ΄ν„° μμ§‘ μ™„λ£.
[27/4503] 'ABTS' μ²λ¦¬ μ¤‘...
/data/jupyter/seungtae/QUANT/rebalabce/2.getinfo.py:114: FutureWarning: Series.__getitem__ treating keys as positions is deprecated. In a future version, integer keys will always be treated as labels (consistent with DataFrame behavior). To access a value by position, use `ser.iloc[pos]`
  asset_growth_val = (balance_sheet.loc['Total Assets'][0] - balance_sheet.loc['Total Assets'][1]) / abs(balance_sheet.loc['Total Assets'][1])
  -> 'ABTS' λ°μ΄ν„° μμ§‘ μ™„λ£.
[28/4503] 'ABUS' μ²λ¦¬ μ¤‘...
/data/jupyter/seungtae/QUANT/rebalabce/2.getinfo.py:114: FutureWarning: Series.__getitem__ treating keys as positions is deprecated. In a future version, integer keys will always be treated as labels (consistent with DataFrame behavior). To access a value by position, use `ser.iloc[pos]`
  asset_growth_val = (balance_sheet.loc['Total Assets'][0] - balance_sheet.loc['Total Assets'][1]) / abs(balance_sheet.loc['Total Assets'][1])
  -> 'ABUS' λ°μ΄ν„° μμ§‘ μ™„λ£.
[29/4503] 'ABVC' μ²λ¦¬ μ¤‘...
/data/jupyter/seungtae/QUANT/rebalabce/2.getinfo.py:114: FutureWarning: Series.__getitem__ treating keys as positions is deprecated. In a future version, integer keys will always be treated as labels (consistent with DataFrame behavior). To access a value by position, use `ser.iloc[pos]`
  asset_growth_val = (balance_sheet.loc['Total Assets'][0] - balance_sheet.loc['Total Assets'][1]) / abs(balance_sheet.loc['Total Assets'][1])
  -> 'ABVC' λ°μ΄ν„° μμ§‘ μ™„λ£.
[30/4503] 'ACA' μ²λ¦¬ μ¤‘...
/data/jupyter/seungtae/QUANT/rebalabce/2.getinfo.py:114: FutureWarning: Series.__getitem__ treating keys as positions is deprecated. In a future version, integer keys will always be treated as labels (consistent with DataFrame behavior). To access a value by position, use `ser.iloc[pos]`
  asset_growth_val = (balance_sheet.loc['Total Assets'][0] - balance_sheet.loc['Total Assets'][1]) / abs(balance_sheet.loc['Total Assets'][1])
  -> 'ACA' λ°μ΄ν„° μμ§‘ μ™„λ£.
[31/4503] 'ACAD' μ²λ¦¬ μ¤‘...
/data/jupyter/seungtae/QUANT/rebalabce/2.getinfo.py:114: FutureWarning: Series.__getitem__ treating keys as positions is deprecated. In a future version, integer keys will always be treated as labels (consistent with DataFrame behavior). To access a value by position, use `ser.iloc[pos]`
  asset_growth_val = (balance_sheet.loc['Total Assets'][0] - balance_sheet.loc['Total Assets'][1]) / abs(balance_sheet.loc['Total Assets'][1])
  -> 'ACAD' λ°μ΄ν„° μμ§‘ μ™„λ£.
[32/4503] 'ACB' μ²λ¦¬ μ¤‘...
/data/jupyter/seungtae/QUANT/rebalabce/2.getinfo.py:114: FutureWarning: Series.__getitem__ treating keys as positions is deprecated. In a future version, integer keys will always be treated as labels (consistent with DataFrame behavior). To access a value by position, use `ser.iloc[pos]`
  asset_growth_val = (balance_sheet.loc['Total Assets'][0] - balance_sheet.loc['Total Assets'][1]) / abs(balance_sheet.loc['Total Assets'][1])
  -> 'ACB' λ°μ΄ν„° μμ§‘ μ™„λ£.
[33/4503] 'ACCO' μ²λ¦¬ μ¤‘...
/data/jupyter/seungtae/QUANT/rebalabce/2.getinfo.py:114: FutureWarning: Series.__getitem__ treating keys as positions is deprecated. In a future version, integer keys will always be treated as labels (consistent with DataFrame behavior). To access a value by position, use `ser.iloc[pos]`
  asset_growth_val = (balance_sheet.loc['Total Assets'][0] - balance_sheet.loc['Total Assets'][1]) / abs(balance_sheet.loc['Total Assets'][1])
  -> 'ACCO' λ°μ΄ν„° μμ§‘ μ™„λ£.
[34/4503] 'ACCS' μ²λ¦¬ μ¤‘...
/data/jupyter/seungtae/QUANT/rebalabce/2.getinfo.py:114: FutureWarning: Series.__getitem__ treating keys as positions is deprecated. In a future version, integer keys will always be treated as labels (consistent with DataFrame behavior). To access a value by position, use `ser.iloc[pos]`
  asset_growth_val = (balance_sheet.loc['Total Assets'][0] - balance_sheet.loc['Total Assets'][1]) / abs(balance_sheet.loc['Total Assets'][1])
  -> 'ACCS' λ°μ΄ν„° μμ§‘ μ™„λ£.
[35/4503] 'ACDC' μ²λ¦¬ μ¤‘...
/data/jupyter/seungtae/QUANT/rebalabce/2.getinfo.py:114: FutureWarning: Series.__getitem__ treating keys as positions is deprecated. In a future version, integer keys will always be treated as labels (consistent with DataFrame behavior). To access a value by position, use `ser.iloc[pos]`
  asset_growth_val = (balance_sheet.loc['Total Assets'][0] - balance_sheet.loc['Total Assets'][1]) / abs(balance_sheet.loc['Total Assets'][1])
  -> 'ACDC' λ°μ΄ν„° μμ§‘ μ™„λ£.
[36/4503] 'ACEL' μ²λ¦¬ μ¤‘...
/data/jupyter/seungtae/QUANT/rebalabce/2.getinfo.py:114: FutureWarning: Series.__getitem__ treating keys as positions is deprecated. In a future version, integer keys will always be treated as labels (consistent with DataFrame behavior). To access a value by position, use `ser.iloc[pos]`
  asset_growth_val = (balance_sheet.loc['Total Assets'][0] - balance_sheet.loc['Total Assets'][1]) / abs(balance_sheet.loc['Total Assets'][1])
  -> 'ACEL' λ°μ΄ν„° μμ§‘ μ™„λ£.
[37/4503] 'ACET' μ²λ¦¬ μ¤‘...
/data/jupyter/seungtae/QUANT/rebalabce/2.getinfo.py:114: FutureWarning: Series.__getitem__ treating keys as positions is deprecated. In a future version, integer keys will always be treated as labels (consistent with DataFrame behavior). To access a value by position, use `ser.iloc[pos]`
  asset_growth_val = (balance_sheet.loc['Total Assets'][0] - balance_sheet.loc['Total Assets'][1]) / abs(balance_sheet.loc['Total Assets'][1])
  -> 'ACET' λ°μ΄ν„° μμ§‘ μ™„λ£.
[38/4503] 'ACFN' μ²λ¦¬ μ¤‘...
/data/jupyter/seungtae/QUANT/rebalabce/2.getinfo.py:114: FutureWarning: Series.__getitem__ treating keys as positions is deprecated. In a future version, integer keys will always be treated as labels (consistent with DataFrame behavior). To access a value by position, use `ser.iloc[pos]`
  asset_growth_val = (balance_sheet.loc['Total Assets'][0] - balance_sheet.loc['Total Assets'][1]) / abs(balance_sheet.loc['Total Assets'][1])
  -> 'ACFN' λ°μ΄ν„° μμ§‘ μ™„λ£.
[39/4503] 'ACGL' μ²λ¦¬ μ¤‘...
/data/jupyter/seungtae/QUANT/rebalabce/2.getinfo.py:114: FutureWarning: Series.__getitem__ treating keys as positions is deprecated. In a future version, integer keys will always be treated as labels (consistent with DataFrame behavior). To access a value by position, use `ser.iloc[pos]`
  asset_growth_val = (balance_sheet.loc['Total Assets'][0] - balance_sheet.loc['Total Assets'][1]) / abs(balance_sheet.loc['Total Assets'][1])
  -> 'ACGL' λ°μ΄ν„° μμ§‘ μ™„λ£.
[40/4503] 'ACHC' μ²λ¦¬ μ¤‘...
/data/jupyter/seungtae/QUANT/rebalabce/2.getinfo.py:114: FutureWarning: Series.__getitem__ treating keys as positions is deprecated. In a future version, integer keys will always be treated as labels (consistent with DataFrame behavior). To access a value by position, use `ser.iloc[pos]`
  asset_growth_val = (balance_sheet.loc['Total Assets'][0] - balance_sheet.loc['Total Assets'][1]) / abs(balance_sheet.loc['Total Assets'][1])
  -> 'ACHC' λ°μ΄ν„° μμ§‘ μ™„λ£.
[41/4503] 'ACHR' μ²λ¦¬ μ¤‘...
/data/jupyter/seungtae/QUANT/rebalabce/2.getinfo.py:114: FutureWarning: Series.__getitem__ treating keys as positions is deprecated. In a future version, integer keys will always be treated as labels (consistent with DataFrame behavior). To access a value by position, use `ser.iloc[pos]`
  asset_growth_val = (balance_sheet.loc['Total Assets'][0] - balance_sheet.loc['Total Assets'][1]) / abs(balance_sheet.loc['Total Assets'][1])
  -> 'ACHR' λ°μ΄ν„° μμ§‘ μ™„λ£.
[42/4503] 'ACHV' μ²λ¦¬ μ¤‘...
/data/jupyter/seungtae/QUANT/rebalabce/2.getinfo.py:114: FutureWarning: Series.__getitem__ treating keys as positions is deprecated. In a future version, integer keys will always be treated as labels (consistent with DataFrame behavior). To access a value by position, use `ser.iloc[pos]`
  asset_growth_val = (balance_sheet.loc['Total Assets'][0] - balance_sheet.loc['Total Assets'][1]) / abs(balance_sheet.loc['Total Assets'][1])
  -> 'ACHV' λ°μ΄ν„° μμ§‘ μ™„λ£.
[43/4503] 'ACI' μ²λ¦¬ μ¤‘...
/data/jupyter/seungtae/QUANT/rebalabce/2.getinfo.py:114: FutureWarning: Series.__getitem__ treating keys as positions is deprecated. In a future version, integer keys will always be treated as labels (consistent with DataFrame behavior). To access a value by position, use `ser.iloc[pos]`
  asset_growth_val = (balance_sheet.loc['Total Assets'][0] - balance_sheet.loc['Total Assets'][1]) / abs(balance_sheet.loc['Total Assets'][1])
  -> 'ACI' λ°μ΄ν„° μμ§‘ μ™„λ£.
[44/4503] 'ACIC' μ²λ¦¬ μ¤‘...
/data/jupyter/seungtae/QUANT/rebalabce/2.getinfo.py:114: FutureWarning: Series.__getitem__ treating keys as positions is deprecated. In a future version, integer keys will always be treated as labels (consistent with DataFrame behavior). To access a value by position, use `ser.iloc[pos]`
  asset_growth_val = (balance_sheet.loc['Total Assets'][0] - balance_sheet.loc['Total Assets'][1]) / abs(balance_sheet.loc['Total Assets'][1])
  -> 'ACIC' λ°μ΄ν„° μμ§‘ μ™„λ£.
[45/4503] 'ACIU' μ²λ¦¬ μ¤‘...
/data/jupyter/seungtae/QUANT/rebalabce/2.getinfo.py:114: FutureWarning: Series.__getitem__ treating keys as positions is deprecated. In a future version, integer keys will always be treated as labels (consistent with DataFrame behavior). To access a value by position, use `ser.iloc[pos]`
  asset_growth_val = (balance_sheet.loc['Total Assets'][0] - balance_sheet.loc['Total Assets'][1]) / abs(balance_sheet.loc['Total Assets'][1])
  -> 'ACIU' λ°μ΄ν„° μμ§‘ μ™„λ£.
[46/4503] 'ACIW' μ²λ¦¬ μ¤‘...
/data/jupyter/seungtae/QUANT/rebalabce/2.getinfo.py:114: FutureWarning: Series.__getitem__ treating keys as positions is deprecated. In a future version, integer keys will always be treated as labels (consistent with DataFrame behavior). To access a value by position, use `ser.iloc[pos]`
  asset_growth_val = (balance_sheet.loc['Total Assets'][0] - balance_sheet.loc['Total Assets'][1]) / abs(balance_sheet.loc['Total Assets'][1])
  -> 'ACIW' λ°μ΄ν„° μμ§‘ μ™„λ£.
[47/4503] 'ACLS' μ²λ¦¬ μ¤‘...
/data/jupyter/seungtae/QUANT/rebalabce/2.getinfo.py:114: FutureWarning: Series.__getitem__ treating keys as positions is deprecated. In a future version, integer keys will always be treated as labels (consistent with DataFrame behavior). To access a value by position, use `ser.iloc[pos]`
  asset_growth_val = (balance_sheet.loc['Total Assets'][0] - balance_sheet.loc['Total Assets'][1]) / abs(balance_sheet.loc['Total Assets'][1])
  -> 'ACLS' λ°μ΄ν„° μμ§‘ μ™„λ£.
[48/4503] 'ACLX' μ²λ¦¬ μ¤‘...
/data/jupyter/seungtae/QUANT/rebalabce/2.getinfo.py:114: FutureWarning: Series.__getitem__ treating keys as positions is deprecated. In a future version, integer keys will always be treated as labels (consistent with DataFrame behavior). To access a value by position, use `ser.iloc[pos]`
  asset_growth_val = (balance_sheet.loc['Total Assets'][0] - balance_sheet.loc['Total Assets'][1]) / abs(balance_sheet.loc['Total Assets'][1])
  -> 'ACLX' λ°μ΄ν„° μμ§‘ μ™„λ£.
[49/4503] 'ACM' μ²λ¦¬ μ¤‘...
/data/jupyter/seungtae/QUANT/rebalabce/2.getinfo.py:114: FutureWarning: Series.__getitem__ treating keys as positions is deprecated. In a future version, integer keys will always be treated as labels (consistent with DataFrame behavior). To access a value by position, use `ser.iloc[pos]`
  asset_growth_val = (balance_sheet.loc['Total Assets'][0] - balance_sheet.loc['Total Assets'][1]) / abs(balance_sheet.loc['Total Assets'][1])
  -> 'ACM' λ°μ΄ν„° μμ§‘ μ™„λ£.
[50/4503] 'ACMR' μ²λ¦¬ μ¤‘...
/data/jupyter/seungtae/QUANT/rebalabce/2.getinfo.py:114: FutureWarning: Series.__getitem__ treating keys as positions is deprecated. In a future version, integer keys will always be treated as labels (consistent with DataFrame behavior). To access a value by position, use `ser.iloc[pos]`
  asset_growth_val = (balance_sheet.loc['Total Assets'][0] - balance_sheet.loc['Total Assets'][1]) / abs(balance_sheet.loc['Total Assets'][1])
  -> 'ACMR' λ°μ΄ν„° μμ§‘ μ™„λ£.
[51/4503] 'ACN' μ²λ¦¬ μ¤‘...
/data/jupyter/seungtae/QUANT/rebalabce/2.getinfo.py:114: FutureWarning: Series.__getitem__ treating keys as positions is deprecated. In a future version, integer keys will always be treated as labels (consistent with DataFrame behavior). To access a value by position, use `ser.iloc[pos]`
  asset_growth_val = (balance_sheet.loc['Total Assets'][0] - balance_sheet.loc['Total Assets'][1]) / abs(balance_sheet.loc['Total Assets'][1])
  -> 'ACN' λ°μ΄ν„° μμ§‘ μ™„λ£.
[52/4503] 'ACNB' μ²λ¦¬ μ¤‘...
/data/jupyter/seungtae/QUANT/rebalabce/2.getinfo.py:114: FutureWarning: Series.__getitem__ treating keys as positions is deprecated. In a future version, integer keys will always be treated as labels (consistent with DataFrame behavior). To access a value by position, use `ser.iloc[pos]`
  asset_growth_val = (balance_sheet.loc['Total Assets'][0] - balance_sheet.loc['Total Assets'][1]) / abs(balance_sheet.loc['Total Assets'][1])
  -> 'ACNB' λ°μ΄ν„° μμ§‘ μ™„λ£.
[53/4503] 'ACNT' μ²λ¦¬ μ¤‘...
/data/jupyter/seungtae/QUANT/rebalabce/2.getinfo.py:114: FutureWarning: Series.__getitem__ treating keys as positions is deprecated. In a future version, integer keys will always be treated as labels (consistent with DataFrame behavior). To access a value by position, use `ser.iloc[pos]`
  asset_growth_val = (balance_sheet.loc['Total Assets'][0] - balance_sheet.loc['Total Assets'][1]) / abs(balance_sheet.loc['Total Assets'][1])
  -> 'ACNT' λ°μ΄ν„° μμ§‘ μ™„λ£.
[54/4503] 'ACON' μ²λ¦¬ μ¤‘...
/data/jupyter/seungtae/QUANT/rebalabce/2.getinfo.py:114: FutureWarning: Series.__getitem__ treating keys as positions is deprecated. In a future version, integer keys will always be treated as labels (consistent with DataFrame behavior). To access a value by position, use `ser.iloc[pos]`
  asset_growth_val = (balance_sheet.loc['Total Assets'][0] - balance_sheet.loc['Total Assets'][1]) / abs(balance_sheet.loc['Total Assets'][1])
  -> 'ACON' λ°μ΄ν„° μμ§‘ μ™„λ£.
[55/4503] 'ACP' μ²λ¦¬ μ¤‘...
/data/jupyter/seungtae/QUANT/rebalabce/2.getinfo.py:114: FutureWarning: Series.__getitem__ treating keys as positions is deprecated. In a future version, integer keys will always be treated as labels (consistent with DataFrame behavior). To access a value by position, use `ser.iloc[pos]`
  asset_growth_val = (balance_sheet.loc['Total Assets'][0] - balance_sheet.loc['Total Assets'][1]) / abs(balance_sheet.loc['Total Assets'][1])
  -> 'ACP' λ°μ΄ν„° μμ§‘ μ™„λ£.
[56/4503] 'ACR' μ²λ¦¬ μ¤‘...
/data/jupyter/seungtae/QUANT/rebalabce/2.getinfo.py:114: FutureWarning: Series.__getitem__ treating keys as positions is deprecated. In a future version, integer keys will always be treated as labels (consistent with DataFrame behavior). To access a value by position, use `ser.iloc[pos]`
  asset_growth_val = (balance_sheet.loc['Total Assets'][0] - balance_sheet.loc['Total Assets'][1]) / abs(balance_sheet.loc['Total Assets'][1])
  -> 'ACR' λ°μ΄ν„° μμ§‘ μ™„λ£.
[57/4503] 'ACRE' μ²λ¦¬ μ¤‘...
/data/jupyter/seungtae/QUANT/rebalabce/2.getinfo.py:114: FutureWarning: Series.__getitem__ treating keys as positions is deprecated. In a future version, integer keys will always be treated as labels (consistent with DataFrame behavior). To access a value by position, use `ser.iloc[pos]`
  asset_growth_val = (balance_sheet.loc['Total Assets'][0] - balance_sheet.loc['Total Assets'][1]) / abs(balance_sheet.loc['Total Assets'][1])
  -> 'ACRE' λ°μ΄ν„° μμ§‘ μ™„λ£.
[58/4503] 'ACRS' μ²λ¦¬ μ¤‘...
/data/jupyter/seungtae/QUANT/rebalabce/2.getinfo.py:114: FutureWarning: Series.__getitem__ treating keys as positions is deprecated. In a future version, integer keys will always be treated as labels (consistent with DataFrame behavior). To access a value by position, use `ser.iloc[pos]`
  asset_growth_val = (balance_sheet.loc['Total Assets'][0] - balance_sheet.loc['Total Assets'][1]) / abs(balance_sheet.loc['Total Assets'][1])
  -> 'ACRS' λ°μ΄ν„° μμ§‘ μ™„λ£.
[59/4503] 'ACT' μ²λ¦¬ μ¤‘...
/data/jupyter/seungtae/QUANT/rebalabce/2.getinfo.py:114: FutureWarning: Series.__getitem__ treating keys as positions is deprecated. In a future version, integer keys will always be treated as labels (consistent with DataFrame behavior). To access a value by position, use `ser.iloc[pos]`
  asset_growth_val = (balance_sheet.loc['Total Assets'][0] - balance_sheet.loc['Total Assets'][1]) / abs(balance_sheet.loc['Total Assets'][1])
  -> 'ACT' λ°μ΄ν„° μμ§‘ μ™„λ£.
[60/4503] 'ACTG' μ²λ¦¬ μ¤‘...
/data/jupyter/seungtae/QUANT/rebalabce/2.getinfo.py:114: FutureWarning: Series.__getitem__ treating keys as positions is deprecated. In a future version, integer keys will always be treated as labels (consistent with DataFrame behavior). To access a value by position, use `ser.iloc[pos]`
  asset_growth_val = (balance_sheet.loc['Total Assets'][0] - balance_sheet.loc['Total Assets'][1]) / abs(balance_sheet.loc['Total Assets'][1])
  -> 'ACTG' λ°μ΄ν„° μμ§‘ μ™„λ£.
[61/4503] 'ACU' μ²λ¦¬ μ¤‘...
/data/jupyter/seungtae/QUANT/rebalabce/2.getinfo.py:114: FutureWarning: Series.__getitem__ treating keys as positions is deprecated. In a future version, integer keys will always be treated as labels (consistent with DataFrame behavior). To access a value by position, use `ser.iloc[pos]`
  asset_growth_val = (balance_sheet.loc['Total Assets'][0] - balance_sheet.loc['Total Assets'][1]) / abs(balance_sheet.loc['Total Assets'][1])
  -> 'ACU' λ°μ΄ν„° μμ§‘ μ™„λ£.
[62/4503] 'ACXP' μ²λ¦¬ μ¤‘...
/data/jupyter/seungtae/QUANT/rebalabce/2.getinfo.py:114: FutureWarning: Series.__getitem__ treating keys as positions is deprecated. In a future version, integer keys will always be treated as labels (consistent with DataFrame behavior). To access a value by position, use `ser.iloc[pos]`
  asset_growth_val = (balance_sheet.loc['Total Assets'][0] - balance_sheet.loc['Total Assets'][1]) / abs(balance_sheet.loc['Total Assets'][1])
  -> 'ACXP' λ°μ΄ν„° μμ§‘ μ™„λ£.
[63/4503] 'AD' μ²λ¦¬ μ¤‘...
/data/jupyter/seungtae/QUANT/rebalabce/2.getinfo.py:114: FutureWarning: Series.__getitem__ treating keys as positions is deprecated. In a future version, integer keys will always be treated as labels (consistent with DataFrame behavior). To access a value by position, use `ser.iloc[pos]`
  asset_growth_val = (balance_sheet.loc['Total Assets'][0] - balance_sheet.loc['Total Assets'][1]) / abs(balance_sheet.loc['Total Assets'][1])
  -> 'AD' λ°μ΄ν„° μμ§‘ μ™„λ£.
[64/4503] 'ADAG' μ²λ¦¬ μ¤‘...
/data/jupyter/seungtae/QUANT/rebalabce/2.getinfo.py:114: FutureWarning: Series.__getitem__ treating keys as positions is deprecated. In a future version, integer keys will always be treated as labels (consistent with DataFrame behavior). To access a value by position, use `ser.iloc[pos]`
  asset_growth_val = (balance_sheet.loc['Total Assets'][0] - balance_sheet.loc['Total Assets'][1]) / abs(balance_sheet.loc['Total Assets'][1])
  -> 'ADAG' λ°μ΄ν„° μμ§‘ μ™„λ£.
[65/4503] 'ADAM' μ²λ¦¬ μ¤‘...
/data/jupyter/seungtae/QUANT/rebalabce/2.getinfo.py:114: FutureWarning: Series.__getitem__ treating keys as positions is deprecated. In a future version, integer keys will always be treated as labels (consistent with DataFrame behavior). To access a value by position, use `ser.iloc[pos]`
  asset_growth_val = (balance_sheet.loc['Total Assets'][0] - balance_sheet.loc['Total Assets'][1]) / abs(balance_sheet.loc['Total Assets'][1])
  -> 'ADAM' λ°μ΄ν„° μμ§‘ μ™„λ£.
[66/4503] 'ADAP' μ²λ¦¬ μ¤‘...
/data/jupyter/seungtae/QUANT/rebalabce/2.getinfo.py:114: FutureWarning: Series.__getitem__ treating keys as positions is deprecated. In a future version, integer keys will always be treated as labels (consistent with DataFrame behavior). To access a value by position, use `ser.iloc[pos]`
  asset_growth_val = (balance_sheet.loc['Total Assets'][0] - balance_sheet.loc['Total Assets'][1]) / abs(balance_sheet.loc['Total Assets'][1])
  -> 'ADAP' λ°μ΄ν„° μμ§‘ μ™„λ£.
[67/4503] 'ADBE' μ²λ¦¬ μ¤‘...
/data/jupyter/seungtae/QUANT/rebalabce/2.getinfo.py:114: FutureWarning: Series.__getitem__ treating keys as positions is deprecated. In a future version, integer keys will always be treated as labels (consistent with DataFrame behavior). To access a value by position, use `ser.iloc[pos]`
  asset_growth_val = (balance_sheet.loc['Total Assets'][0] - balance_sheet.loc['Total Assets'][1]) / abs(balance_sheet.loc['Total Assets'][1])
  -> 'ADBE' λ°μ΄ν„° μμ§‘ μ™„λ£.
[68/4503] 'ADC' μ²λ¦¬ μ¤‘...
/data/jupyter/seungtae/QUANT/rebalabce/2.getinfo.py:114: FutureWarning: Series.__getitem__ treating keys as positions is deprecated. In a future version, integer keys will always be treated as labels (consistent with DataFrame behavior). To access a value by position, use `ser.iloc[pos]`
  asset_growth_val = (balance_sheet.loc['Total Assets'][0] - balance_sheet.loc['Total Assets'][1]) / abs(balance_sheet.loc['Total Assets'][1])
  -> 'ADC' λ°μ΄ν„° μμ§‘ μ™„λ£.
[69/4503] 'ADEA' μ²λ¦¬ μ¤‘...
/data/jupyter/seungtae/QUANT/rebalabce/2.getinfo.py:114: FutureWarning: Series.__getitem__ treating keys as positions is deprecated. In a future version, integer keys will always be treated as labels (consistent with DataFrame behavior). To access a value by position, use `ser.iloc[pos]`
  asset_growth_val = (balance_sheet.loc['Total Assets'][0] - balance_sheet.loc['Total Assets'][1]) / abs(balance_sheet.loc['Total Assets'][1])
  -> 'ADEA' λ°μ΄ν„° μμ§‘ μ™„λ£.
[70/4503] 'ADI' μ²λ¦¬ μ¤‘...
/data/jupyter/seungtae/QUANT/rebalabce/2.getinfo.py:114: FutureWarning: Series.__getitem__ treating keys as positions is deprecated. In a future version, integer keys will always be treated as labels (consistent with DataFrame behavior). To access a value by position, use `ser.iloc[pos]`
  asset_growth_val = (balance_sheet.loc['Total Assets'][0] - balance_sheet.loc['Total Assets'][1]) / abs(balance_sheet.loc['Total Assets'][1])
  -> 'ADI' λ°μ΄ν„° μμ§‘ μ™„λ£.
[71/4503] 'ADIL' μ²λ¦¬ μ¤‘...
/data/jupyter/seungtae/QUANT/rebalabce/2.getinfo.py:114: FutureWarning: Series.__getitem__ treating keys as positions is deprecated. In a future version, integer keys will always be treated as labels (consistent with DataFrame behavior). To access a value by position, use `ser.iloc[pos]`
  asset_growth_val = (balance_sheet.loc['Total Assets'][0] - balance_sheet.loc['Total Assets'][1]) / abs(balance_sheet.loc['Total Assets'][1])
  -> 'ADIL' λ°μ΄ν„° μμ§‘ μ™„λ£.
[72/4503] 'ADM' μ²λ¦¬ μ¤‘...
/data/jupyter/seungtae/QUANT/rebalabce/2.getinfo.py:114: FutureWarning: Series.__getitem__ treating keys as positions is deprecated. In a future version, integer keys will always be treated as labels (consistent with DataFrame behavior). To access a value by position, use `ser.iloc[pos]`
  asset_growth_val = (balance_sheet.loc['Total Assets'][0] - balance_sheet.loc['Total Assets'][1]) / abs(balance_sheet.loc['Total Assets'][1])
  -> 'ADM' λ°μ΄ν„° μμ§‘ μ™„λ£.
[73/4503] 'ADMA' μ²λ¦¬ μ¤‘...
/data/jupyter/seungtae/QUANT/rebalabce/2.getinfo.py:114: FutureWarning: Series.__getitem__ treating keys as positions is deprecated. In a future version, integer keys will always be treated as labels (consistent with DataFrame behavior). To access a value by position, use `ser.iloc[pos]`
  asset_growth_val = (balance_sheet.loc['Total Assets'][0] - balance_sheet.loc['Total Assets'][1]) / abs(balance_sheet.loc['Total Assets'][1])
  -> 'ADMA' λ°μ΄ν„° μμ§‘ μ™„λ£.
[74/4503] 'ADNT' μ²λ¦¬ μ¤‘...
/data/jupyter/seungtae/QUANT/rebalabce/2.getinfo.py:114: FutureWarning: Series.__getitem__ treating keys as positions is deprecated. In a future version, integer keys will always be treated as labels (consistent with DataFrame behavior). To access a value by position, use `ser.iloc[pos]`
  asset_growth_val = (balance_sheet.loc['Total Assets'][0] - balance_sheet.loc['Total Assets'][1]) / abs(balance_sheet.loc['Total Assets'][1])
  -> 'ADNT' λ°μ΄ν„° μμ§‘ μ™„λ£.
[75/4503] 'ADP' μ²λ¦¬ μ¤‘...
/data/jupyter/seungtae/QUANT/rebalabce/2.getinfo.py:114: FutureWarning: Series.__getitem__ treating keys as positions is deprecated. In a future version, integer keys will always be treated as labels (consistent with DataFrame behavior). To access a value by position, use `ser.iloc[pos]`
  asset_growth_val = (balance_sheet.loc['Total Assets'][0] - balance_sheet.loc['Total Assets'][1]) / abs(balance_sheet.loc['Total Assets'][1])
  -> 'ADP' λ°μ΄ν„° μμ§‘ μ™„λ£.
[76/4503] 'ADPT' μ²λ¦¬ μ¤‘...
/data/jupyter/seungtae/QUANT/rebalabce/2.getinfo.py:114: FutureWarning: Series.__getitem__ treating keys as positions is deprecated. In a future version, integer keys will always be treated as labels (consistent with DataFrame behavior). To access a value by position, use `ser.iloc[pos]`
  asset_growth_val = (balance_sheet.loc['Total Assets'][0] - balance_sheet.loc['Total Assets'][1]) / abs(balance_sheet.loc['Total Assets'][1])
  -> 'ADPT' λ°μ΄ν„° μμ§‘ μ™„λ£.
[77/4503] 'ADSK' μ²λ¦¬ μ¤‘...
/data/jupyter/seungtae/QUANT/rebalabce/2.getinfo.py:114: FutureWarning: Series.__getitem__ treating keys as positions is deprecated. In a future version, integer keys will always be treated as labels (consistent with DataFrame behavior). To access a value by position, use `ser.iloc[pos]`
  asset_growth_val = (balance_sheet.loc['Total Assets'][0] - balance_sheet.loc['Total Assets'][1]) / abs(balance_sheet.loc['Total Assets'][1])
  -> 'ADSK' λ°μ΄ν„° μμ§‘ μ™„λ£.
[78/4503] 'ADT' μ²λ¦¬ μ¤‘...
/data/jupyter/seungtae/QUANT/rebalabce/2.getinfo.py:114: FutureWarning: Series.__getitem__ treating keys as positions is deprecated. In a future version, integer keys will always be treated as labels (consistent with DataFrame behavior). To access a value by position, use `ser.iloc[pos]`
  asset_growth_val = (balance_sheet.loc['Total Assets'][0] - balance_sheet.loc['Total Assets'][1]) / abs(balance_sheet.loc['Total Assets'][1])
  -> 'ADT' λ°μ΄ν„° μμ§‘ μ™„λ£.
[79/4503] 'ADTN' μ²λ¦¬ μ¤‘...
/data/jupyter/seungtae/QUANT/rebalabce/2.getinfo.py:114: FutureWarning: Series.__getitem__ treating keys as positions is deprecated. In a future version, integer keys will always be treated as labels (consistent with DataFrame behavior). To access a value by position, use `ser.iloc[pos]`
  asset_growth_val = (balance_sheet.loc['Total Assets'][0] - balance_sheet.loc['Total Assets'][1]) / abs(balance_sheet.loc['Total Assets'][1])
  -> 'ADTN' λ°μ΄ν„° μμ§‘ μ™„λ£.
[80/4503] 'ADTX' μ²λ¦¬ μ¤‘...
/data/jupyter/seungtae/QUANT/rebalabce/2.getinfo.py:114: FutureWarning: Series.__getitem__ treating keys as positions is deprecated. In a future version, integer keys will always be treated as labels (consistent with DataFrame behavior). To access a value by position, use `ser.iloc[pos]`
  asset_growth_val = (balance_sheet.loc['Total Assets'][0] - balance_sheet.loc['Total Assets'][1]) / abs(balance_sheet.loc['Total Assets'][1])
  -> 'ADTX' λ°μ΄ν„° μμ§‘ μ™„λ£.
[81/4503] 'ADUS' μ²λ¦¬ μ¤‘...
/data/jupyter/seungtae/QUANT/rebalabce/2.getinfo.py:114: FutureWarning: Series.__getitem__ treating keys as positions is deprecated. In a future version, integer keys will always be treated as labels (consistent with DataFrame behavior). To access a value by position, use `ser.iloc[pos]`
  asset_growth_val = (balance_sheet.loc['Total Assets'][0] - balance_sheet.loc['Total Assets'][1]) / abs(balance_sheet.loc['Total Assets'][1])
  -> 'ADUS' λ°μ΄ν„° μμ§‘ μ™„λ£.
[82/4503] 'ADV' μ²λ¦¬ μ¤‘...
/data/jupyter/seungtae/QUANT/rebalabce/2.getinfo.py:114: FutureWarning: Series.__getitem__ treating keys as positions is deprecated. In a future version, integer keys will always be treated as labels (consistent with DataFrame behavior). To access a value by position, use `ser.iloc[pos]`
  asset_growth_val = (balance_sheet.loc['Total Assets'][0] - balance_sheet.loc['Total Assets'][1]) / abs(balance_sheet.loc['Total Assets'][1])
  -> 'ADV' λ°μ΄ν„° μμ§‘ μ™„λ£.
[83/4503] 'ADVM' μ²λ¦¬ μ¤‘...
/data/jupyter/seungtae/QUANT/rebalabce/2.getinfo.py:114: FutureWarning: Series.__getitem__ treating keys as positions is deprecated. In a future version, integer keys will always be treated as labels (consistent with DataFrame behavior). To access a value by position, use `ser.iloc[pos]`
  asset_growth_val = (balance_sheet.loc['Total Assets'][0] - balance_sheet.loc['Total Assets'][1]) / abs(balance_sheet.loc['Total Assets'][1])
  -> 'ADVM' λ°μ΄ν„° μμ§‘ μ™„λ£.
[84/4503] 'ADX' μ²λ¦¬ μ¤‘...
/data/jupyter/seungtae/QUANT/rebalabce/2.getinfo.py:114: FutureWarning: Series.__getitem__ treating keys as positions is deprecated. In a future version, integer keys will always be treated as labels (consistent with DataFrame behavior). To access a value by position, use `ser.iloc[pos]`
  asset_growth_val = (balance_sheet.loc['Total Assets'][0] - balance_sheet.loc['Total Assets'][1]) / abs(balance_sheet.loc['Total Assets'][1])
  -> 'ADX' λ°μ΄ν„° μμ§‘ μ™„λ£.
[85/4503] 'ADXN' μ²λ¦¬ μ¤‘...
/data/jupyter/seungtae/QUANT/rebalabce/2.getinfo.py:114: FutureWarning: Series.__getitem__ treating keys as positions is deprecated. In a future version, integer keys will always be treated as labels (consistent with DataFrame behavior). To access a value by position, use `ser.iloc[pos]`
  asset_growth_val = (balance_sheet.loc['Total Assets'][0] - balance_sheet.loc['Total Assets'][1]) / abs(balance_sheet.loc['Total Assets'][1])
  -> 'ADXN' λ°μ΄ν„° μμ§‘ μ™„λ£.
[86/4503] 'AEC' μ²λ¦¬ μ¤‘...
/data/jupyter/seungtae/QUANT/rebalabce/2.getinfo.py:114: FutureWarning: Series.__getitem__ treating keys as positions is deprecated. In a future version, integer keys will always be treated as labels (consistent with DataFrame behavior). To access a value by position, use `ser.iloc[pos]`
  asset_growth_val = (balance_sheet.loc['Total Assets'][0] - balance_sheet.loc['Total Assets'][1]) / abs(balance_sheet.loc['Total Assets'][1])
  -> 'AEC' λ°μ΄ν„° μμ§‘ μ™„λ£.
[87/4503] 'AEE' μ²λ¦¬ μ¤‘...
/data/jupyter/seungtae/QUANT/rebalabce/2.getinfo.py:114: FutureWarning: Series.__getitem__ treating keys as positions is deprecated. In a future version, integer keys will always be treated as labels (consistent with DataFrame behavior). To access a value by position, use `ser.iloc[pos]`
  asset_growth_val = (balance_sheet.loc['Total Assets'][0] - balance_sheet.loc['Total Assets'][1]) / abs(balance_sheet.loc['Total Assets'][1])
  -> 'AEE' λ°μ΄ν„° μμ§‘ μ™„λ£.
[88/4503] 'AEF' μ²λ¦¬ μ¤‘...
/data/jupyter/seungtae/QUANT/rebalabce/2.getinfo.py:114: FutureWarning: Series.__getitem__ treating keys as positions is deprecated. In a future version, integer keys will always be treated as labels (consistent with DataFrame behavior). To access a value by position, use `ser.iloc[pos]`
  asset_growth_val = (balance_sheet.loc['Total Assets'][0] - balance_sheet.loc['Total Assets'][1]) / abs(balance_sheet.loc['Total Assets'][1])
  -> 'AEF' λ°μ΄ν„° μμ§‘ μ™„λ£.
[89/4503] 'AEG' μ²λ¦¬ μ¤‘...
/data/jupyter/seungtae/QUANT/rebalabce/2.getinfo.py:114: FutureWarning: Series.__getitem__ treating keys as positions is deprecated. In a future version, integer keys will always be treated as labels (consistent with DataFrame behavior). To access a value by position, use `ser.iloc[pos]`
  asset_growth_val = (balance_sheet.loc['Total Assets'][0] - balance_sheet.loc['Total Assets'][1]) / abs(balance_sheet.loc['Total Assets'][1])
  -> 'AEG' λ°μ΄ν„° μμ§‘ μ™„λ£.
[90/4503] 'AEHL' μ²λ¦¬ μ¤‘...
/data/jupyter/seungtae/QUANT/rebalabce/2.getinfo.py:114: FutureWarning: Series.__getitem__ treating keys as positions is deprecated. In a future version, integer keys will always be treated as labels (consistent with DataFrame behavior). To access a value by position, use `ser.iloc[pos]`
  asset_growth_val = (balance_sheet.loc['Total Assets'][0] - balance_sheet.loc['Total Assets'][1]) / abs(balance_sheet.loc['Total Assets'][1])
  -> 'AEHL' λ°μ΄ν„° μμ§‘ μ™„λ£.
[91/4503] 'AEHR' μ²λ¦¬ μ¤‘...
/data/jupyter/seungtae/QUANT/rebalabce/2.getinfo.py:114: FutureWarning: Series.__getitem__ treating keys as positions is deprecated. In a future version, integer keys will always be treated as labels (consistent with DataFrame behavior). To access a value by position, use `ser.iloc[pos]`
  asset_growth_val = (balance_sheet.loc['Total Assets'][0] - balance_sheet.loc['Total Assets'][1]) / abs(balance_sheet.loc['Total Assets'][1])
  -> 'AEHR' λ°μ΄ν„° μμ§‘ μ™„λ£.
[92/4503] 'AEI' μ²λ¦¬ μ¤‘...
/data/jupyter/seungtae/QUANT/rebalabce/2.getinfo.py:114: FutureWarning: Series.__getitem__ treating keys as positions is deprecated. In a future version, integer keys will always be treated as labels (consistent with DataFrame behavior). To access a value by position, use `ser.iloc[pos]`
  asset_growth_val = (balance_sheet.loc['Total Assets'][0] - balance_sheet.loc['Total Assets'][1]) / abs(balance_sheet.loc['Total Assets'][1])
  -> 'AEI' λ°μ΄ν„° μμ§‘ μ™„λ£.
[93/4503] 'AEIS' μ²λ¦¬ μ¤‘...
/data/jupyter/seungtae/QUANT/rebalabce/2.getinfo.py:114: FutureWarning: Series.__getitem__ treating keys as positions is deprecated. In a future version, integer keys will always be treated as labels (consistent with DataFrame behavior). To access a value by position, use `ser.iloc[pos]`
  asset_growth_val = (balance_sheet.loc['Total Assets'][0] - balance_sheet.loc['Total Assets'][1]) / abs(balance_sheet.loc['Total Assets'][1])
  -> 'AEIS' λ°μ΄ν„° μμ§‘ μ™„λ£.
[94/4503] 'AEM' μ²λ¦¬ μ¤‘...
/data/jupyter/seungtae/QUANT/rebalabce/2.getinfo.py:114: FutureWarning: Series.__getitem__ treating keys as positions is deprecated. In a future version, integer keys will always be treated as labels (consistent with DataFrame behavior). To access a value by position, use `ser.iloc[pos]`
  asset_growth_val = (balance_sheet.loc['Total Assets'][0] - balance_sheet.loc['Total Assets'][1]) / abs(balance_sheet.loc['Total Assets'][1])
  -> 'AEM' λ°μ΄ν„° μμ§‘ μ™„λ£.
[95/4503] 'AEMD' μ²λ¦¬ μ¤‘...
/data/jupyter/seungtae/QUANT/rebalabce/2.getinfo.py:114: FutureWarning: Series.__getitem__ treating keys as positions is deprecated. In a future version, integer keys will always be treated as labels (consistent with DataFrame behavior). To access a value by position, use `ser.iloc[pos]`
  asset_growth_val = (balance_sheet.loc['Total Assets'][0] - balance_sheet.loc['Total Assets'][1]) / abs(balance_sheet.loc['Total Assets'][1])
  -> 'AEMD' λ°μ΄ν„° μμ§‘ μ™„λ£.
[96/4503] 'AENT' μ²λ¦¬ μ¤‘...
/data/jupyter/seungtae/QUANT/rebalabce/2.getinfo.py:114: FutureWarning: Series.__getitem__ treating keys as positions is deprecated. In a future version, integer keys will always be treated as labels (consistent with DataFrame behavior). To access a value by position, use `ser.iloc[pos]`
  asset_growth_val = (balance_sheet.loc['Total Assets'][0] - balance_sheet.loc['Total Assets'][1]) / abs(balance_sheet.loc['Total Assets'][1])
  -> 'AENT' λ°μ΄ν„° μμ§‘ μ™„λ£.
[97/4503] 'AEO' μ²λ¦¬ μ¤‘...
/data/jupyter/seungtae/QUANT/rebalabce/2.getinfo.py:114: FutureWarning: Series.__getitem__ treating keys as positions is deprecated. In a future version, integer keys will always be treated as labels (consistent with DataFrame behavior). To access a value by position, use `ser.iloc[pos]`
  asset_growth_val = (balance_sheet.loc['Total Assets'][0] - balance_sheet.loc['Total Assets'][1]) / abs(balance_sheet.loc['Total Assets'][1])
  -> 'AEO' λ°μ΄ν„° μμ§‘ μ™„λ£.
[98/4503] 'AEP' μ²λ¦¬ μ¤‘...
/data/jupyter/seungtae/QUANT/rebalabce/2.getinfo.py:114: FutureWarning: Series.__getitem__ treating keys as positions is deprecated. In a future version, integer keys will always be treated as labels (consistent with DataFrame behavior). To access a value by position, use `ser.iloc[pos]`
  asset_growth_val = (balance_sheet.loc['Total Assets'][0] - balance_sheet.loc['Total Assets'][1]) / abs(balance_sheet.loc['Total Assets'][1])
  -> 'AEP' λ°μ΄ν„° μμ§‘ μ™„λ£.
[99/4503] 'AER' μ²λ¦¬ μ¤‘...
/data/jupyter/seungtae/QUANT/rebalabce/2.getinfo.py:114: FutureWarning: Series.__getitem__ treating keys as positions is deprecated. In a future version, integer keys will always be treated as labels (consistent with DataFrame behavior). To access a value by position, use `ser.iloc[pos]`
  asset_growth_val = (balance_sheet.loc['Total Assets'][0] - balance_sheet.loc['Total Assets'][1]) / abs(balance_sheet.loc['Total Assets'][1])
  -> 'AER' λ°μ΄ν„° μμ§‘ μ™„λ£.
[100/4503] 'AES' μ²λ¦¬ μ¤‘...
/data/jupyter/seungtae/QUANT/rebalabce/2.getinfo.py:114: FutureWarning: Series.__getitem__ treating keys as positions is deprecated. In a future version, integer keys will always be treated as labels (consistent with DataFrame behavior). To access a value by position, use `ser.iloc[pos]`
  asset_growth_val = (balance_sheet.loc['Total Assets'][0] - balance_sheet.loc['Total Assets'][1]) / abs(balance_sheet.loc['Total Assets'][1])
  -> 'AES' λ°μ΄ν„° μμ§‘ μ™„λ£.
[101/4503] 'AEVA' μ²λ¦¬ μ¤‘...
/data/jupyter/seungtae/QUANT/rebalabce/2.getinfo.py:114: FutureWarning: Series.__getitem__ treating keys as positions is deprecated. In a future version, integer keys will always be treated as labels (consistent with DataFrame behavior). To access a value by position, use `ser.iloc[pos]`
  asset_growth_val = (balance_sheet.loc['Total Assets'][0] - balance_sheet.loc['Total Assets'][1]) / abs(balance_sheet.loc['Total Assets'][1])
  -> 'AEVA' λ°μ΄ν„° μμ§‘ μ™„λ£.
[102/4503] 'AEYE' μ²λ¦¬ μ¤‘...
/data/jupyter/seungtae/QUANT/rebalabce/2.getinfo.py:114: FutureWarning: Series.__getitem__ treating keys as positions is deprecated. In a future version, integer keys will always be treated as labels (consistent with DataFrame behavior). To access a value by position, use `ser.iloc[pos]`
  asset_growth_val = (balance_sheet.loc['Total Assets'][0] - balance_sheet.loc['Total Assets'][1]) / abs(balance_sheet.loc['Total Assets'][1])
  -> 'AEYE' λ°μ΄ν„° μμ§‘ μ™„λ£.
[103/4503] 'AFB' μ²λ¦¬ μ¤‘...
/data/jupyter/seungtae/QUANT/rebalabce/2.getinfo.py:114: FutureWarning: Series.__getitem__ treating keys as positions is deprecated. In a future version, integer keys will always be treated as labels (consistent with DataFrame behavior). To access a value by position, use `ser.iloc[pos]`
  asset_growth_val = (balance_sheet.loc['Total Assets'][0] - balance_sheet.loc['Total Assets'][1]) / abs(balance_sheet.loc['Total Assets'][1])
  -> 'AFB' λ°μ΄ν„° μμ§‘ μ™„λ£.
[104/4503] 'AFBI' μ²λ¦¬ μ¤‘...
/data/jupyter/seungtae/QUANT/rebalabce/2.getinfo.py:114: FutureWarning: Series.__getitem__ treating keys as positions is deprecated. In a future version, integer keys will always be treated as labels (consistent with DataFrame behavior). To access a value by position, use `ser.iloc[pos]`
  asset_growth_val = (balance_sheet.loc['Total Assets'][0] - balance_sheet.loc['Total Assets'][1]) / abs(balance_sheet.loc['Total Assets'][1])
  -> 'AFBI' λ°μ΄ν„° μμ§‘ μ™„λ£.
[105/4503] 'AFCG' μ²λ¦¬ μ¤‘...
/data/jupyter/seungtae/QUANT/rebalabce/2.getinfo.py:114: FutureWarning: Series.__getitem__ treating keys as positions is deprecated. In a future version, integer keys will always be treated as labels (consistent with DataFrame behavior). To access a value by position, use `ser.iloc[pos]`
  asset_growth_val = (balance_sheet.loc['Total Assets'][0] - balance_sheet.loc['Total Assets'][1]) / abs(balance_sheet.loc['Total Assets'][1])
  -> 'AFCG' λ°μ΄ν„° μμ§‘ μ™„λ£.
[106/4503] 'AFG' μ²λ¦¬ μ¤‘...
/data/jupyter/seungtae/QUANT/rebalabce/2.getinfo.py:114: FutureWarning: Series.__getitem__ treating keys as positions is deprecated. In a future version, integer keys will always be treated as labels (consistent with DataFrame behavior). To access a value by position, use `ser.iloc[pos]`
  asset_growth_val = (balance_sheet.loc['Total Assets'][0] - balance_sheet.loc['Total Assets'][1]) / abs(balance_sheet.loc['Total Assets'][1])
  -> 'AFG' λ°μ΄ν„° μμ§‘ μ™„λ£.
[107/4503] 'AFL' μ²λ¦¬ μ¤‘...
/data/jupyter/seungtae/QUANT/rebalabce/2.getinfo.py:114: FutureWarning: Series.__getitem__ treating keys as positions is deprecated. In a future version, integer keys will always be treated as labels (consistent with DataFrame behavior). To access a value by position, use `ser.iloc[pos]`
  asset_growth_val = (balance_sheet.loc['Total Assets'][0] - balance_sheet.loc['Total Assets'][1]) / abs(balance_sheet.loc['Total Assets'][1])
  -> 'AFL' λ°μ΄ν„° μμ§‘ μ™„λ£.
[108/4503] 'AFRI' μ²λ¦¬ μ¤‘...
/data/jupyter/seungtae/QUANT/rebalabce/2.getinfo.py:114: FutureWarning: Series.__getitem__ treating keys as positions is deprecated. In a future version, integer keys will always be treated as labels (consistent with DataFrame behavior). To access a value by position, use `ser.iloc[pos]`
  asset_growth_val = (balance_sheet.loc['Total Assets'][0] - balance_sheet.loc['Total Assets'][1]) / abs(balance_sheet.loc['Total Assets'][1])
  -> 'AFRI' λ°μ΄ν„° μμ§‘ μ™„λ£.
[109/4503] 'AFRM' μ²λ¦¬ μ¤‘...
/data/jupyter/seungtae/QUANT/rebalabce/2.getinfo.py:114: FutureWarning: Series.__getitem__ treating keys as positions is deprecated. In a future version, integer keys will always be treated as labels (consistent with DataFrame behavior). To access a value by position, use `ser.iloc[pos]`
  asset_growth_val = (balance_sheet.loc['Total Assets'][0] - balance_sheet.loc['Total Assets'][1]) / abs(balance_sheet.loc['Total Assets'][1])
  -> 'AFRM' λ°μ΄ν„° μμ§‘ μ™„λ£.
[110/4503] 'AFYA' μ²λ¦¬ μ¤‘...
/data/jupyter/seungtae/QUANT/rebalabce/2.getinfo.py:114: FutureWarning: Series.__getitem__ treating keys as positions is deprecated. In a future version, integer keys will always be treated as labels (consistent with DataFrame behavior). To access a value by position, use `ser.iloc[pos]`
  asset_growth_val = (balance_sheet.loc['Total Assets'][0] - balance_sheet.loc['Total Assets'][1]) / abs(balance_sheet.loc['Total Assets'][1])
  -> 'AFYA' λ°μ΄ν„° μμ§‘ μ™„λ£.
[111/4503] 'AG' μ²λ¦¬ μ¤‘...
/data/jupyter/seungtae/QUANT/rebalabce/2.getinfo.py:114: FutureWarning: Series.__getitem__ treating keys as positions is deprecated. In a future version, integer keys will always be treated as labels (consistent with DataFrame behavior). To access a value by position, use `ser.iloc[pos]`
  asset_growth_val = (balance_sheet.loc['Total Assets'][0] - balance_sheet.loc['Total Assets'][1]) / abs(balance_sheet.loc['Total Assets'][1])
  -> 'AG' λ°μ΄ν„° μμ§‘ μ™„λ£.
[112/4503] 'AGAE' μ²λ¦¬ μ¤‘...
/data/jupyter/seungtae/QUANT/rebalabce/2.getinfo.py:114: FutureWarning: Series.__getitem__ treating keys as positions is deprecated. In a future version, integer keys will always be treated as labels (consistent with DataFrame behavior). To access a value by position, use `ser.iloc[pos]`
  asset_growth_val = (balance_sheet.loc['Total Assets'][0] - balance_sheet.loc['Total Assets'][1]) / abs(balance_sheet.loc['Total Assets'][1])
  -> 'AGAE' λ°μ΄ν„° μμ§‘ μ™„λ£.
[113/4503] 'AGCO' μ²λ¦¬ μ¤‘...
/data/jupyter/seungtae/QUANT/rebalabce/2.getinfo.py:114: FutureWarning: Series.__getitem__ treating keys as positions is deprecated. In a future version, integer keys will always be treated as labels (consistent with DataFrame behavior). To access a value by position, use `ser.iloc[pos]`
  asset_growth_val = (balance_sheet.loc['Total Assets'][0] - balance_sheet.loc['Total Assets'][1]) / abs(balance_sheet.loc['Total Assets'][1])
  -> 'AGCO' λ°μ΄ν„° μμ§‘ μ™„λ£.
[114/4503] 'AGD' μ²λ¦¬ μ¤‘...
/data/jupyter/seungtae/QUANT/rebalabce/2.getinfo.py:114: FutureWarning: Series.__getitem__ treating keys as positions is deprecated. In a future version, integer keys will always be treated as labels (consistent with DataFrame behavior). To access a value by position, use `ser.iloc[pos]`
  asset_growth_val = (balance_sheet.loc['Total Assets'][0] - balance_sheet.loc['Total Assets'][1]) / abs(balance_sheet.loc['Total Assets'][1])
  -> 'AGD' λ°μ΄ν„° μμ§‘ μ™„λ£.
[115/4503] 'AGI' μ²λ¦¬ μ¤‘...
/data/jupyter/seungtae/QUANT/rebalabce/2.getinfo.py:114: FutureWarning: Series.__getitem__ treating keys as positions is deprecated. In a future version, integer keys will always be treated as labels (consistent with DataFrame behavior). To access a value by position, use `ser.iloc[pos]`
  asset_growth_val = (balance_sheet.loc['Total Assets'][0] - balance_sheet.loc['Total Assets'][1]) / abs(balance_sheet.loc['Total Assets'][1])
  -> 'AGI' λ°μ΄ν„° μμ§‘ μ™„λ£.
[116/4503] 'AGIO' μ²λ¦¬ μ¤‘...
/data/jupyter/seungtae/QUANT/rebalabce/2.getinfo.py:114: FutureWarning: Series.__getitem__ treating keys as positions is deprecated. In a future version, integer keys will always be treated as labels (consistent with DataFrame behavior). To access a value by position, use `ser.iloc[pos]`
  asset_growth_val = (balance_sheet.loc['Total Assets'][0] - balance_sheet.loc['Total Assets'][1]) / abs(balance_sheet.loc['Total Assets'][1])
  -> 'AGIO' λ°μ΄ν„° μμ§‘ μ™„λ£.
[117/4503] 'AGL' μ²λ¦¬ μ¤‘...
/data/jupyter/seungtae/QUANT/rebalabce/2.getinfo.py:114: FutureWarning: Series.__getitem__ treating keys as positions is deprecated. In a future version, integer keys will always be treated as labels (consistent with DataFrame behavior). To access a value by position, use `ser.iloc[pos]`
  asset_growth_val = (balance_sheet.loc['Total Assets'][0] - balance_sheet.loc['Total Assets'][1]) / abs(balance_sheet.loc['Total Assets'][1])
  -> 'AGL' λ°μ΄ν„° μμ§‘ μ™„λ£.
[118/4503] 'AGM' μ²λ¦¬ μ¤‘...
/data/jupyter/seungtae/QUANT/rebalabce/2.getinfo.py:114: FutureWarning: Series.__getitem__ treating keys as positions is deprecated. In a future version, integer keys will always be treated as labels (consistent with DataFrame behavior). To access a value by position, use `ser.iloc[pos]`
  asset_growth_val = (balance_sheet.loc['Total Assets'][0] - balance_sheet.loc['Total Assets'][1]) / abs(balance_sheet.loc['Total Assets'][1])
  -> 'AGM' λ°μ΄ν„° μμ§‘ μ™„λ£.
[119/4503] 'AGMH' μ²λ¦¬ μ¤‘...
/data/jupyter/seungtae/QUANT/rebalabce/2.getinfo.py:114: FutureWarning: Series.__getitem__ treating keys as positions is deprecated. In a future version, integer keys will always be treated as labels (consistent with DataFrame behavior). To access a value by position, use `ser.iloc[pos]`
  asset_growth_val = (balance_sheet.loc['Total Assets'][0] - balance_sheet.loc['Total Assets'][1]) / abs(balance_sheet.loc['Total Assets'][1])
  -> 'AGMH' λ°μ΄ν„° μμ§‘ μ™„λ£.
[120/4503] 'AGNC' μ²λ¦¬ μ¤‘...
/data/jupyter/seungtae/QUANT/rebalabce/2.getinfo.py:114: FutureWarning: Series.__getitem__ treating keys as positions is deprecated. In a future version, integer keys will always be treated as labels (consistent with DataFrame behavior). To access a value by position, use `ser.iloc[pos]`
  asset_growth_val = (balance_sheet.loc['Total Assets'][0] - balance_sheet.loc['Total Assets'][1]) / abs(balance_sheet.loc['Total Assets'][1])
  -> 'AGNC' λ°μ΄ν„° μμ§‘ μ™„λ£.
[121/4503] 'AGO' μ²λ¦¬ μ¤‘...
/data/jupyter/seungtae/QUANT/rebalabce/2.getinfo.py:114: FutureWarning: Series.__getitem__ treating keys as positions is deprecated. In a future version, integer keys will always be treated as labels (consistent with DataFrame behavior). To access a value by position, use `ser.iloc[pos]`
  asset_growth_val = (balance_sheet.loc['Total Assets'][0] - balance_sheet.loc['Total Assets'][1]) / abs(balance_sheet.loc['Total Assets'][1])
  -> 'AGO' λ°μ΄ν„° μμ§‘ μ™„λ£.
[122/4503] 'AGRI' μ²λ¦¬ μ¤‘...
/data/jupyter/seungtae/QUANT/rebalabce/2.getinfo.py:114: FutureWarning: Series.__getitem__ treating keys as positions is deprecated. In a future version, integer keys will always be treated as labels (consistent with DataFrame behavior). To access a value by position, use `ser.iloc[pos]`
  asset_growth_val = (balance_sheet.loc['Total Assets'][0] - balance_sheet.loc['Total Assets'][1]) / abs(balance_sheet.loc['Total Assets'][1])
  -> 'AGRI' λ°μ΄ν„° μμ§‘ μ™„λ£.
[123/4503] 'AGRO' μ²λ¦¬ μ¤‘...
/data/jupyter/seungtae/QUANT/rebalabce/2.getinfo.py:114: FutureWarning: Series.__getitem__ treating keys as positions is deprecated. In a future version, integer keys will always be treated as labels (consistent with DataFrame behavior). To access a value by position, use `ser.iloc[pos]`
  asset_growth_val = (balance_sheet.loc['Total Assets'][0] - balance_sheet.loc['Total Assets'][1]) / abs(balance_sheet.loc['Total Assets'][1])
  -> 'AGRO' λ°μ΄ν„° μμ§‘ μ™„λ£.
[124/4503] 'AGX' μ²λ¦¬ μ¤‘...
/data/jupyter/seungtae/QUANT/rebalabce/2.getinfo.py:114: FutureWarning: Series.__getitem__ treating keys as positions is deprecated. In a future version, integer keys will always be treated as labels (consistent with DataFrame behavior). To access a value by position, use `ser.iloc[pos]`
  asset_growth_val = (balance_sheet.loc['Total Assets'][0] - balance_sheet.loc['Total Assets'][1]) / abs(balance_sheet.loc['Total Assets'][1])
  -> 'AGX' λ°μ΄ν„° μμ§‘ μ™„λ£.
[125/4503] 'AGYS' μ²λ¦¬ μ¤‘...
/data/jupyter/seungtae/QUANT/rebalabce/2.getinfo.py:114: FutureWarning: Series.__getitem__ treating keys as positions is deprecated. In a future version, integer keys will always be treated as labels (consistent with DataFrame behavior). To access a value by position, use `ser.iloc[pos]`
  asset_growth_val = (balance_sheet.loc['Total Assets'][0] - balance_sheet.loc['Total Assets'][1]) / abs(balance_sheet.loc['Total Assets'][1])
  -> 'AGYS' λ°μ΄ν„° μμ§‘ μ™„λ£.
[126/4503] 'AHCO' μ²λ¦¬ μ¤‘...
/data/jupyter/seungtae/QUANT/rebalabce/2.getinfo.py:114: FutureWarning: Series.__getitem__ treating keys as positions is deprecated. In a future version, integer keys will always be treated as labels (consistent with DataFrame behavior). To access a value by position, use `ser.iloc[pos]`
  asset_growth_val = (balance_sheet.loc['Total Assets'][0] - balance_sheet.loc['Total Assets'][1]) / abs(balance_sheet.loc['Total Assets'][1])
  -> 'AHCO' λ°μ΄ν„° μμ§‘ μ™„λ£.
[127/4503] 'AHG' μ²λ¦¬ μ¤‘...
/data/jupyter/seungtae/QUANT/rebalabce/2.getinfo.py:114: FutureWarning: Series.__getitem__ treating keys as positions is deprecated. In a future version, integer keys will always be treated as labels (consistent with DataFrame behavior). To access a value by position, use `ser.iloc[pos]`
  asset_growth_val = (balance_sheet.loc['Total Assets'][0] - balance_sheet.loc['Total Assets'][1]) / abs(balance_sheet.loc['Total Assets'][1])
  -> 'AHG' λ°μ΄ν„° μμ§‘ μ™„λ£.
[128/4503] 'AHH' μ²λ¦¬ μ¤‘...
/data/jupyter/seungtae/QUANT/rebalabce/2.getinfo.py:114: FutureWarning: Series.__getitem__ treating keys as positions is deprecated. In a future version, integer keys will always be treated as labels (consistent with DataFrame behavior). To access a value by position, use `ser.iloc[pos]`
  asset_growth_val = (balance_sheet.loc['Total Assets'][0] - balance_sheet.loc['Total Assets'][1]) / abs(balance_sheet.loc['Total Assets'][1])
  -> 'AHH' λ°μ΄ν„° μμ§‘ μ™„λ£.
[129/4503] 'AI' μ²λ¦¬ μ¤‘...
/data/jupyter/seungtae/QUANT/rebalabce/2.getinfo.py:114: FutureWarning: Series.__getitem__ treating keys as positions is deprecated. In a future version, integer keys will always be treated as labels (consistent with DataFrame behavior). To access a value by position, use `ser.iloc[pos]`
  asset_growth_val = (balance_sheet.loc['Total Assets'][0] - balance_sheet.loc['Total Assets'][1]) / abs(balance_sheet.loc['Total Assets'][1])
  -> 'AI' λ°μ΄ν„° μμ§‘ μ™„λ£.
[130/4503] 'AIG' μ²λ¦¬ μ¤‘...
/data/jupyter/seungtae/QUANT/rebalabce/2.getinfo.py:114: FutureWarning: Series.__getitem__ treating keys as positions is deprecated. In a future version, integer keys will always be treated as labels (consistent with DataFrame behavior). To access a value by position, use `ser.iloc[pos]`
  asset_growth_val = (balance_sheet.loc['Total Assets'][0] - balance_sheet.loc['Total Assets'][1]) / abs(balance_sheet.loc['Total Assets'][1])
  -> 'AIG' λ°μ΄ν„° μμ§‘ μ™„λ£.
[131/4503] 'AIHS' μ²λ¦¬ μ¤‘...
/data/jupyter/seungtae/QUANT/rebalabce/2.getinfo.py:114: FutureWarning: Series.__getitem__ treating keys as positions is deprecated. In a future version, integer keys will always be treated as labels (consistent with DataFrame behavior). To access a value by position, use `ser.iloc[pos]`
  asset_growth_val = (balance_sheet.loc['Total Assets'][0] - balance_sheet.loc['Total Assets'][1]) / abs(balance_sheet.loc['Total Assets'][1])
  -> 'AIHS' λ°μ΄ν„° μμ§‘ μ™„λ£.
[132/4503] 'AIMD' μ²λ¦¬ μ¤‘...
/data/jupyter/seungtae/QUANT/rebalabce/2.getinfo.py:114: FutureWarning: Series.__getitem__ treating keys as positions is deprecated. In a future version, integer keys will always be treated as labels (consistent with DataFrame behavior). To access a value by position, use `ser.iloc[pos]`
  asset_growth_val = (balance_sheet.loc['Total Assets'][0] - balance_sheet.loc['Total Assets'][1]) / abs(balance_sheet.loc['Total Assets'][1])
  -> 'AIMD' λ°μ΄ν„° μμ§‘ μ™„λ£.
[133/4503] 'AIN' μ²λ¦¬ μ¤‘...
/data/jupyter/seungtae/QUANT/rebalabce/2.getinfo.py:114: FutureWarning: Series.__getitem__ treating keys as positions is deprecated. In a future version, integer keys will always be treated as labels (consistent with DataFrame behavior). To access a value by position, use `ser.iloc[pos]`
  asset_growth_val = (balance_sheet.loc['Total Assets'][0] - balance_sheet.loc['Total Assets'][1]) / abs(balance_sheet.loc['Total Assets'][1])
  -> 'AIN' λ°μ΄ν„° μμ§‘ μ™„λ£.
[134/4503] 'AIOT' μ²λ¦¬ μ¤‘...
/data/jupyter/seungtae/QUANT/rebalabce/2.getinfo.py:114: FutureWarning: Series.__getitem__ treating keys as positions is deprecated. In a future version, integer keys will always be treated as labels (consistent with DataFrame behavior). To access a value by position, use `ser.iloc[pos]`
  asset_growth_val = (balance_sheet.loc['Total Assets'][0] - balance_sheet.loc['Total Assets'][1]) / abs(balance_sheet.loc['Total Assets'][1])
  -> 'AIOT' λ°μ΄ν„° μμ§‘ μ™„λ£.
[135/4503] 'AIR' μ²λ¦¬ μ¤‘...
/data/jupyter/seungtae/QUANT/rebalabce/2.getinfo.py:114: FutureWarning: Series.__getitem__ treating keys as positions is deprecated. In a future version, integer keys will always be treated as labels (consistent with DataFrame behavior). To access a value by position, use `ser.iloc[pos]`
  asset_growth_val = (balance_sheet.loc['Total Assets'][0] - balance_sheet.loc['Total Assets'][1]) / abs(balance_sheet.loc['Total Assets'][1])
  -> 'AIR' λ°μ΄ν„° μμ§‘ μ™„λ£.
[136/4503] 'AIRG' μ²λ¦¬ μ¤‘...
/data/jupyter/seungtae/QUANT/rebalabce/2.getinfo.py:114: FutureWarning: Series.__getitem__ treating keys as positions is deprecated. In a future version, integer keys will always be treated as labels (consistent with DataFrame behavior). To access a value by position, use `ser.iloc[pos]`
  asset_growth_val = (balance_sheet.loc['Total Assets'][0] - balance_sheet.loc['Total Assets'][1]) / abs(balance_sheet.loc['Total Assets'][1])
  -> 'AIRG' λ°μ΄ν„° μμ§‘ μ™„λ£.
[137/4503] 'AIRI' μ²λ¦¬ μ¤‘...
/data/jupyter/seungtae/QUANT/rebalabce/2.getinfo.py:114: FutureWarning: Series.__getitem__ treating keys as positions is deprecated. In a future version, integer keys will always be treated as labels (consistent with DataFrame behavior). To access a value by position, use `ser.iloc[pos]`
  asset_growth_val = (balance_sheet.loc['Total Assets'][0] - balance_sheet.loc['Total Assets'][1]) / abs(balance_sheet.loc['Total Assets'][1])
  -> 'AIRI' λ°μ΄ν„° μμ§‘ μ™„λ£.
[138/4503] 'AIRJ' μ²λ¦¬ μ¤‘...
/data/jupyter/seungtae/QUANT/rebalabce/2.getinfo.py:114: FutureWarning: Series.__getitem__ treating keys as positions is deprecated. In a future version, integer keys will always be treated as labels (consistent with DataFrame behavior). To access a value by position, use `ser.iloc[pos]`
  asset_growth_val = (balance_sheet.loc['Total Assets'][0] - balance_sheet.loc['Total Assets'][1]) / abs(balance_sheet.loc['Total Assets'][1])
  -> 'AIRJ' λ°μ΄ν„° μμ§‘ μ™„λ£.
[139/4503] 'AIRS' μ²λ¦¬ μ¤‘...
/data/jupyter/seungtae/QUANT/rebalabce/2.getinfo.py:114: FutureWarning: Series.__getitem__ treating keys as positions is deprecated. In a future version, integer keys will always be treated as labels (consistent with DataFrame behavior). To access a value by position, use `ser.iloc[pos]`
  asset_growth_val = (balance_sheet.loc['Total Assets'][0] - balance_sheet.loc['Total Assets'][1]) / abs(balance_sheet.loc['Total Assets'][1])
  -> 'AIRS' λ°μ΄ν„° μμ§‘ μ™„λ£.
[140/4503] 'AIRT' μ²λ¦¬ μ¤‘...
/data/jupyter/seungtae/QUANT/rebalabce/2.getinfo.py:114: FutureWarning: Series.__getitem__ treating keys as positions is deprecated. In a future version, integer keys will always be treated as labels (consistent with DataFrame behavior). To access a value by position, use `ser.iloc[pos]`
  asset_growth_val = (balance_sheet.loc['Total Assets'][0] - balance_sheet.loc['Total Assets'][1]) / abs(balance_sheet.loc['Total Assets'][1])
  -> 'AIRT' λ°μ΄ν„° μμ§‘ μ™„λ£.
[141/4503] 'AIT' μ²λ¦¬ μ¤‘...
/data/jupyter/seungtae/QUANT/rebalabce/2.getinfo.py:114: FutureWarning: Series.__getitem__ treating keys as positions is deprecated. In a future version, integer keys will always be treated as labels (consistent with DataFrame behavior). To access a value by position, use `ser.iloc[pos]`
  asset_growth_val = (balance_sheet.loc['Total Assets'][0] - balance_sheet.loc['Total Assets'][1]) / abs(balance_sheet.loc['Total Assets'][1])
  -> 'AIT' λ°μ΄ν„° μμ§‘ μ™„λ£.
[142/4503] 'AIV' μ²λ¦¬ μ¤‘...
/data/jupyter/seungtae/QUANT/rebalabce/2.getinfo.py:114: FutureWarning: Series.__getitem__ treating keys as positions is deprecated. In a future version, integer keys will always be treated as labels (consistent with DataFrame behavior). To access a value by position, use `ser.iloc[pos]`
  asset_growth_val = (balance_sheet.loc['Total Assets'][0] - balance_sheet.loc['Total Assets'][1]) / abs(balance_sheet.loc['Total Assets'][1])
  -> 'AIV' λ°μ΄ν„° μμ§‘ μ™„λ£.
[143/4503] 'AIZ' μ²λ¦¬ μ¤‘...
/data/jupyter/seungtae/QUANT/rebalabce/2.getinfo.py:114: FutureWarning: Series.__getitem__ treating keys as positions is deprecated. In a future version, integer keys will always be treated as labels (consistent with DataFrame behavior). To access a value by position, use `ser.iloc[pos]`
  asset_growth_val = (balance_sheet.loc['Total Assets'][0] - balance_sheet.loc['Total Assets'][1]) / abs(balance_sheet.loc['Total Assets'][1])
  -> 'AIZ' λ°μ΄ν„° μμ§‘ μ™„λ£.
[144/4503] 'AJG' μ²λ¦¬ μ¤‘...
/data/jupyter/seungtae/QUANT/rebalabce/2.getinfo.py:114: FutureWarning: Series.__getitem__ treating keys as positions is deprecated. In a future version, integer keys will always be treated as labels (consistent with DataFrame behavior). To access a value by position, use `ser.iloc[pos]`
  asset_growth_val = (balance_sheet.loc['Total Assets'][0] - balance_sheet.loc['Total Assets'][1]) / abs(balance_sheet.loc['Total Assets'][1])
  -> 'AJG' λ°μ΄ν„° μμ§‘ μ™„λ£.
[145/4503] 'AKA' μ²λ¦¬ μ¤‘...
/data/jupyter/seungtae/QUANT/rebalabce/2.getinfo.py:114: FutureWarning: Series.__getitem__ treating keys as positions is deprecated. In a future version, integer keys will always be treated as labels (consistent with DataFrame behavior). To access a value by position, use `ser.iloc[pos]`
  asset_growth_val = (balance_sheet.loc['Total Assets'][0] - balance_sheet.loc['Total Assets'][1]) / abs(balance_sheet.loc['Total Assets'][1])
  -> 'AKA' λ°μ΄ν„° μμ§‘ μ™„λ£.
[146/4503] 'AKAM' μ²λ¦¬ μ¤‘...
/data/jupyter/seungtae/QUANT/rebalabce/2.getinfo.py:114: FutureWarning: Series.__getitem__ treating keys as positions is deprecated. In a future version, integer keys will always be treated as labels (consistent with DataFrame behavior). To access a value by position, use `ser.iloc[pos]`
  asset_growth_val = (balance_sheet.loc['Total Assets'][0] - balance_sheet.loc['Total Assets'][1]) / abs(balance_sheet.loc['Total Assets'][1])
  -> 'AKAM' λ°μ΄ν„° μμ§‘ μ™„λ£.
[147/4503] 'AKAN' μ²λ¦¬ μ¤‘...
/data/jupyter/seungtae/QUANT/rebalabce/2.getinfo.py:114: FutureWarning: Series.__getitem__ treating keys as positions is deprecated. In a future version, integer keys will always be treated as labels (consistent with DataFrame behavior). To access a value by position, use `ser.iloc[pos]`
  asset_growth_val = (balance_sheet.loc['Total Assets'][0] - balance_sheet.loc['Total Assets'][1]) / abs(balance_sheet.loc['Total Assets'][1])
  -> 'AKAN' λ°μ΄ν„° μμ§‘ μ™„λ£.
[148/4503] 'AKO-A' μ²λ¦¬ μ¤‘...
/data/jupyter/seungtae/QUANT/rebalabce/2.getinfo.py:114: FutureWarning: Series.__getitem__ treating keys as positions is deprecated. In a future version, integer keys will always be treated as labels (consistent with DataFrame behavior). To access a value by position, use `ser.iloc[pos]`
  asset_growth_val = (balance_sheet.loc['Total Assets'][0] - balance_sheet.loc['Total Assets'][1]) / abs(balance_sheet.loc['Total Assets'][1])
  -> 'AKO-A' λ°μ΄ν„° μμ§‘ μ™„λ£.
